This file contains any messages produced by compilers while
running configure, to aid debugging if configure makes a mistake.

It was created by laex configure 0.8.1, which was
generated by GNU Autoconf 2.61.  Invocation command line was

  $ ./configure --enable-maintainer-mode

## --------- ##
## Platform. ##
## --------- ##

hostname = chrikle-nemaq
uname -m = i686
uname -r = 2.6.27-11-generic
uname -s = Linux
uname -v = #1 SMP Thu Jan 29 19:24:39 UTC 2009

/usr/bin/uname -p = unknown
/bin/uname -X     = unknown

/bin/arch              = unknown
/usr/bin/arch -k       = unknown
/usr/convex/getsysinfo = unknown
/usr/bin/hostinfo      = unknown
/bin/machine           = unknown
/usr/bin/oslevel       = unknown
/bin/universe          = unknown

PATH: /opt/mono-1.9.1/bin
PATH: /opt/mono-1.9.1/bin
PATH: /home/chrikle/bin
PATH: /usr/local/sbin
PATH: /usr/local/bin
PATH: /usr/sbin
PATH: /usr/bin
PATH: /sbin
PATH: /bin
PATH: /usr/games


## ----------- ##
## Core tests. ##
## ----------- ##

configure:2016: checking for a BSD-compatible install
configure:2072: result: /usr/bin/install -c
configure:2083: checking whether build environment is sane
configure:2126: result: yes
configure:2154: checking for a thread-safe mkdir -p
configure:2193: result: /bin/mkdir -p
configure:2206: checking for gawk
configure:2222: found /usr/bin/gawk
configure:2233: result: gawk
configure:2244: checking whether make sets $(MAKE)
configure:2265: result: yes
configure:2455: checking whether to enable maintainer-specific portions of Makefiles
configure:2464: result: yes
configure:2490: checking for style of include used by make
configure:2518: result: GNU
configure:2588: checking for gcc
configure:2604: found /usr/bin/gcc
configure:2615: result: gcc
configure:2853: checking for C compiler version
configure:2860: gcc --version >&5
gcc (Ubuntu 4.3.2-1ubuntu12) 4.3.2
Copyright (C) 2008 Free Software Foundation, Inc.
This is free software; see the source for copying conditions.  There is NO
warranty; not even for MERCHANTABILITY or FITNESS FOR A PARTICULAR PURPOSE.

configure:2863: $? = 0
configure:2870: gcc -v >&5
Using built-in specs.
Target: i486-linux-gnu
Configured with: ../src/configure -v --with-pkgversion='Ubuntu 4.3.2-1ubuntu12' --with-bugurl=file:///usr/share/doc/gcc-4.3/README.Bugs --enable-languages=c,c++,fortran,objc,obj-c++ --prefix=/usr --enable-shared --with-system-zlib --libexecdir=/usr/lib --without-included-gettext --enable-threads=posix --enable-nls --with-gxx-include-dir=/usr/include/c++/4.3 --program-suffix=-4.3 --enable-clocale=gnu --enable-libstdcxx-debug --enable-objc-gc --enable-mpfr --enable-targets=all --enable-checking=release --build=i486-linux-gnu --host=i486-linux-gnu --target=i486-linux-gnu
Thread model: posix
gcc version 4.3.2 (Ubuntu 4.3.2-1ubuntu12) 
configure:2873: $? = 0
configure:2880: gcc -V >&5
gcc: '-V' option must have argument
configure:2883: $? = 1
configure:2906: checking for C compiler default output file name
configure:2933: gcc    conftest.c  >&5
configure:2936: $? = 0
configure:2974: result: a.out
configure:2991: checking whether the C compiler works
configure:3001: ./a.out
configure:3004: $? = 0
configure:3021: result: yes
configure:3028: checking whether we are cross compiling
configure:3030: result: no
configure:3033: checking for suffix of executables
configure:3040: gcc -o conftest    conftest.c  >&5
configure:3043: $? = 0
configure:3067: result: 
configure:3073: checking for suffix of object files
configure:3099: gcc -c   conftest.c >&5
configure:3102: $? = 0
configure:3125: result: o
configure:3129: checking whether we are using the GNU C compiler
configure:3158: gcc -c   conftest.c >&5
configure:3164: $? = 0
configure:3181: result: yes
configure:3186: checking whether gcc accepts -g
configure:3216: gcc -c -g  conftest.c >&5
configure:3222: $? = 0
configure:3321: result: yes
configure:3338: checking for gcc option to accept ISO C89
configure:3412: gcc  -c -g -O2  conftest.c >&5
configure:3418: $? = 0
configure:3441: result: none needed
configure:3461: checking dependency style of gcc
configure:3552: result: gcc3
configure:3568: checking for library containing strerror
configure:3609: gcc -o conftest -g -O2   conftest.c  >&5
configure:3615: $? = 0
configure:3643: result: none required
configure:3699: checking for gcc
configure:3726: result: gcc
configure:3964: checking for C compiler version
configure:3971: gcc --version >&5
gcc (Ubuntu 4.3.2-1ubuntu12) 4.3.2
Copyright (C) 2008 Free Software Foundation, Inc.
This is free software; see the source for copying conditions.  There is NO
warranty; not even for MERCHANTABILITY or FITNESS FOR A PARTICULAR PURPOSE.

configure:3974: $? = 0
configure:3981: gcc -v >&5
Using built-in specs.
Target: i486-linux-gnu
Configured with: ../src/configure -v --with-pkgversion='Ubuntu 4.3.2-1ubuntu12' --with-bugurl=file:///usr/share/doc/gcc-4.3/README.Bugs --enable-languages=c,c++,fortran,objc,obj-c++ --prefix=/usr --enable-shared --with-system-zlib --libexecdir=/usr/lib --without-included-gettext --enable-threads=posix --enable-nls --with-gxx-include-dir=/usr/include/c++/4.3 --program-suffix=-4.3 --enable-clocale=gnu --enable-libstdcxx-debug --enable-objc-gc --enable-mpfr --enable-targets=all --enable-checking=release --build=i486-linux-gnu --host=i486-linux-gnu --target=i486-linux-gnu
Thread model: posix
gcc version 4.3.2 (Ubuntu 4.3.2-1ubuntu12) 
configure:3984: $? = 0
configure:3991: gcc -V >&5
gcc: '-V' option must have argument
configure:3994: $? = 1
configure:3997: checking whether we are using the GNU C compiler
configure:4049: result: yes
configure:4054: checking whether gcc accepts -g
configure:4189: result: yes
configure:4206: checking for gcc option to accept ISO C89
configure:4309: result: none needed
configure:4329: checking dependency style of gcc
configure:4420: result: gcc3
configure:4483: checking for gcc
configure:4510: result: gcc
configure:4748: checking for C compiler version
configure:4755: gcc --version >&5
gcc (Ubuntu 4.3.2-1ubuntu12) 4.3.2
Copyright (C) 2008 Free Software Foundation, Inc.
This is free software; see the source for copying conditions.  There is NO
warranty; not even for MERCHANTABILITY or FITNESS FOR A PARTICULAR PURPOSE.

configure:4758: $? = 0
configure:4765: gcc -v >&5
Using built-in specs.
Target: i486-linux-gnu
Configured with: ../src/configure -v --with-pkgversion='Ubuntu 4.3.2-1ubuntu12' --with-bugurl=file:///usr/share/doc/gcc-4.3/README.Bugs --enable-languages=c,c++,fortran,objc,obj-c++ --prefix=/usr --enable-shared --with-system-zlib --libexecdir=/usr/lib --without-included-gettext --enable-threads=posix --enable-nls --with-gxx-include-dir=/usr/include/c++/4.3 --program-suffix=-4.3 --enable-clocale=gnu --enable-libstdcxx-debug --enable-objc-gc --enable-mpfr --enable-targets=all --enable-checking=release --build=i486-linux-gnu --host=i486-linux-gnu --target=i486-linux-gnu
Thread model: posix
gcc version 4.3.2 (Ubuntu 4.3.2-1ubuntu12) 
configure:4768: $? = 0
configure:4775: gcc -V >&5
gcc: '-V' option must have argument
configure:4778: $? = 1
configure:4781: checking whether we are using the GNU C compiler
configure:4833: result: yes
configure:4838: checking whether gcc accepts -g
configure:4973: result: yes
configure:4990: checking for gcc option to accept ISO C89
configure:5093: result: none needed
configure:5113: checking dependency style of gcc
configure:5204: result: gcc3
configure:5227: checking how to run the C preprocessor
configure:5267: gcc -E  conftest.c
configure:5273: $? = 0
configure:5304: gcc -E  conftest.c
conftest.c:10:28: error: ac_nonexistent.h: No such file or directory
configure:5310: $? = 1
configure: failed program was:
| /* confdefs.h.  */
| #define PACKAGE_NAME "laex"
| #define PACKAGE_TARNAME "laex"
| #define PACKAGE_VERSION "0.8.1"
| #define PACKAGE_STRING "laex 0.8.1"
| #define PACKAGE_BUGREPORT ""
| #define PACKAGE "laex"
| #define VERSION "0.8.1"
| /* end confdefs.h.  */
| #include <ac_nonexistent.h>
configure:5343: result: gcc -E
configure:5372: gcc -E  conftest.c
configure:5378: $? = 0
configure:5409: gcc -E  conftest.c
conftest.c:10:28: error: ac_nonexistent.h: No such file or directory
configure:5415: $? = 1
configure: failed program was:
| /* confdefs.h.  */
| #define PACKAGE_NAME "laex"
| #define PACKAGE_TARNAME "laex"
| #define PACKAGE_VERSION "0.8.1"
| #define PACKAGE_STRING "laex 0.8.1"
| #define PACKAGE_BUGREPORT ""
| #define PACKAGE "laex"
| #define VERSION "0.8.1"
| /* end confdefs.h.  */
| #include <ac_nonexistent.h>
configure:5453: checking for grep that handles long lines and -e
configure:5527: result: /bin/grep
configure:5532: checking for egrep
configure:5610: result: /bin/grep -E
configure:5615: checking for ANSI C header files
configure:5645: gcc -c -g -O2  conftest.c >&5
configure:5651: $? = 0
configure:5750: gcc -o conftest -g -O2   conftest.c  >&5
configure:5753: $? = 0
configure:5759: ./conftest
configure:5762: $? = 0
configure:5779: result: yes
configure:5814: checking for sys/types.h
configure:5835: gcc -c -g -O2  conftest.c >&5
configure:5841: $? = 0
configure:5857: result: yes
configure:5814: checking for sys/stat.h
configure:5835: gcc -c -g -O2  conftest.c >&5
configure:5841: $? = 0
configure:5857: result: yes
configure:5814: checking for stdlib.h
configure:5835: gcc -c -g -O2  conftest.c >&5
configure:5841: $? = 0
configure:5857: result: yes
configure:5814: checking for string.h
configure:5835: gcc -c -g -O2  conftest.c >&5
configure:5841: $? = 0
configure:5857: result: yes
configure:5814: checking for memory.h
configure:5835: gcc -c -g -O2  conftest.c >&5
configure:5841: $? = 0
configure:5857: result: yes
configure:5814: checking for strings.h
configure:5835: gcc -c -g -O2  conftest.c >&5
configure:5841: $? = 0
configure:5857: result: yes
configure:5814: checking for inttypes.h
configure:5835: gcc -c -g -O2  conftest.c >&5
configure:5841: $? = 0
configure:5857: result: yes
configure:5814: checking for stdint.h
configure:5835: gcc -c -g -O2  conftest.c >&5
configure:5841: $? = 0
configure:5857: result: yes
configure:5814: checking for unistd.h
configure:5835: gcc -c -g -O2  conftest.c >&5
configure:5841: $? = 0
configure:5857: result: yes
configure:5885: checking locale.h usability
configure:5902: gcc -c -g -O2  conftest.c >&5
configure:5908: $? = 0
configure:5922: result: yes
configure:5926: checking locale.h presence
configure:5941: gcc -E  conftest.c
configure:5947: $? = 0
configure:5961: result: yes
configure:5989: checking for locale.h
configure:5997: result: yes
configure:6011: checking for LC_MESSAGES
configure:6037: gcc -o conftest -g -O2   conftest.c  >&5
configure:6043: $? = 0
configure:6060: result: yes
configure:6089: checking libintl.h usability
configure:6106: gcc -c -g -O2  conftest.c >&5
configure:6112: $? = 0
configure:6126: result: yes
configure:6130: checking libintl.h presence
configure:6145: gcc -E  conftest.c
configure:6151: $? = 0
configure:6165: result: yes
configure:6193: checking for libintl.h
configure:6200: result: yes
configure:6211: checking for ngettext in libc
configure:6239: gcc -o conftest -g -O2   conftest.c  >&5
configure:6245: $? = 0
configure:6263: result: yes
configure:6267: checking for dgettext in libc
configure:6295: gcc -o conftest -g -O2   conftest.c  >&5
configure:6301: $? = 0
configure:6319: result: yes
configure:6328: checking for bind_textdomain_codeset
configure:6384: gcc -o conftest -g -O2   conftest.c  >&5
configure:6390: $? = 0
configure:6408: result: yes
configure:6895: checking for msgfmt
configure:6922: result: /usr/bin/msgfmt
configure:6935: checking for dcgettext
configure:6991: gcc -o conftest -g -O2   conftest.c   >&5
conftest.c:48: warning: conflicting types for built-in function 'dcgettext'
configure:6997: $? = 0
configure:7015: result: yes
configure:7026: checking if msgfmt accepts -c
configure:7041: $MSGFMT -c -o /dev/null conftest.foo
configure:7044: $? = 0
configure:7046: result: yes
configure:7056: checking for gmsgfmt
configure:7087: result: /usr/bin/msgfmt
configure:7097: checking for xgettext
configure:7124: result: /usr/bin/xgettext
configure:7153: gcc -o conftest -g -O2   conftest.c   >&5
configure:7159: $? = 0
configure:7386: checking whether NLS is requested
configure:7395: result: yes
configure:7412: checking for intltool >= 0.35.0
configure:7419: result: 0.40.5 found
configure:7429: checking for intltool-update
configure:7447: found /usr/bin/intltool-update
configure:7459: result: /usr/bin/intltool-update
configure:7469: checking for intltool-merge
configure:7487: found /usr/bin/intltool-merge
configure:7499: result: /usr/bin/intltool-merge
configure:7509: checking for intltool-extract
configure:7527: found /usr/bin/intltool-extract
configure:7539: result: /usr/bin/intltool-extract
configure:7596: checking for xgettext
configure:7626: result: /usr/bin/xgettext
configure:7636: checking for msgmerge
configure:7654: found /usr/bin/msgmerge
configure:7666: result: /usr/bin/msgmerge
configure:7676: checking for msgfmt
configure:7706: result: /usr/bin/msgfmt
configure:7716: checking for gmsgfmt
configure:7747: result: /usr/bin/msgfmt
configure:7771: checking for perl
configure:7789: found /usr/bin/perl
configure:7801: result: /usr/bin/perl
configure:7820: checking for XML::Parser
configure:7823: result: ok
configure:8015: checking build system type
configure:8033: result: i686-pc-linux-gnu
configure:8055: checking host system type
configure:8070: result: i686-pc-linux-gnu
configure:8092: checking for a sed that does not truncate output
configure:8171: result: /bin/sed
configure:8189: checking for fgrep
configure:8267: result: /bin/grep -F
configure:8302: checking for ld used by gcc
configure:8369: result: /usr/bin/ld
configure:8378: checking if the linker (/usr/bin/ld) is GNU ld
configure:8393: result: yes
configure:8405: checking for BSD- or MS-compatible name lister (nm)
configure:8454: result: /usr/bin/nm -B
configure:8576: checking the name lister (/usr/bin/nm -B) interface
configure:8583: gcc -c -g -O2  conftest.c >&5
configure:8586: /usr/bin/nm -B "conftest.o"
configure:8589: output
00000000 B some_variable
configure:8596: result: BSD nm
configure:8599: checking whether ln -s works
configure:8603: result: yes
configure:8611: checking the maximum length of command line arguments
configure:8731: result: 1572864
configure:8748: checking whether the shell understands some XSI constructs
configure:8758: result: yes
configure:8762: checking whether the shell understands "+="
configure:8768: result: yes
configure:8803: checking for /usr/bin/ld option to reload object files
configure:8810: result: -r
configure:8837: checking how to recognize dependent libraries
configure:9027: result: pass_all
configure:9087: checking for ar
configure:9103: found /usr/bin/ar
configure:9114: result: ar
configure:9196: checking for strip
configure:9212: found /usr/bin/strip
configure:9223: result: strip
configure:9299: checking for ranlib
configure:9315: found /usr/bin/ranlib
configure:9326: result: ranlib
configure:9420: checking command to parse /usr/bin/nm -B output from gcc object
configure:9538: gcc -c -g -O2  conftest.c >&5
configure:9541: $? = 0
configure:9545: /usr/bin/nm -B conftest.o \| sed -n -e 's/^.*[	 ]\([ABCDGIRSTW][ABCDGIRSTW]*\)[	 ][	 ]*\([_A-Za-z][_A-Za-z0-9]*\)$/\1 \2 \2/p' \> conftest.nm
configure:9548: $? = 0
configure:9602: gcc -o conftest -g -O2   conftest.c conftstm.o >&5
configure:9605: $? = 0
configure:9643: result: ok
configure:10520: checking for dlfcn.h
configure:10541: gcc -c -g -O2  conftest.c >&5
configure:10547: $? = 0
configure:10563: result: yes
configure:10747: checking for objdir
configure:10762: result: .libs
configure:11054: checking if gcc supports -fno-rtti -fno-exceptions
configure:11072: gcc -c -g -O2  -fno-rtti -fno-exceptions conftest.c >&5
cc1: warning: command line option "-fno-rtti" is valid for C++/ObjC++ but not for C
configure:11076: $? = 0
configure:11089: result: no
configure:11109: checking for gcc option to produce PIC
configure:11366: result: -fPIC -DPIC
configure:11378: checking if gcc PIC flag -fPIC -DPIC works
configure:11396: gcc -c -g -O2  -fPIC -DPIC -DPIC conftest.c >&5
configure:11400: $? = 0
configure:11413: result: yes
configure:11437: checking if gcc static flag -static works
configure:11465: result: yes
configure:11480: checking if gcc supports -c -o file.o
configure:11501: gcc -c -g -O2  -o out/conftest2.o conftest.c >&5
configure:11505: $? = 0
configure:11527: result: yes
configure:11535: checking if gcc supports -c -o file.o
configure:11582: result: yes
configure:11615: checking whether the gcc linker (/usr/bin/ld) supports shared libraries
configure:12670: result: yes
configure:12707: checking whether -lc should be explicitly linked in
configure:12712: gcc -c -g -O2  conftest.c >&5
configure:12715: $? = 0
configure:12730: gcc -shared conftest.o  -v -Wl,-soname -Wl,conftest -o conftest 2\>\&1 \| /bin/grep  -lc  \>/dev/null 2\>\&1
configure:12733: $? = 0
configure:12745: result: no
configure:12909: checking dynamic linker characteristics
configure:13352: gcc -o conftest -g -O2   -Wl,-rpath -Wl,/foo conftest.c  >&5
configure:13358: $? = 0
configure:13600: result: GNU/Linux ld.so
configure:13702: checking how to hardcode library paths into programs
configure:13727: result: immediate
configure:14540: checking whether stripping libraries is possible
configure:14545: result: yes
configure:14580: checking if libtool supports shared libraries
configure:14582: result: yes
configure:14585: checking whether to build shared libraries
configure:14606: result: yes
configure:14609: checking whether to build static libraries
configure:14613: result: yes
configure:14700: checking for pkg-config
configure:14718: found /usr/bin/pkg-config
configure:14730: result: /usr/bin/pkg-config
configure:14759: checking pkg-config is at least version 0.9.0
configure:14762: result: yes
configure:14773: checking for LAEX
configure:14781: $PKG_CONFIG --exists --print-errors "gtk+-2.0 >= 2.12, cairo"
configure:14784: $? = 0
configure:14799: $PKG_CONFIG --exists --print-errors "gtk+-2.0 >= 2.12, cairo"
configure:14802: $? = 0
configure:14878: result: yes
configure:15025: creating ./config.status

## ---------------------- ##
## Running config.status. ##
## ---------------------- ##

This file was extended by laex config.status 0.8.1, which was
generated by GNU Autoconf 2.61.  Invocation command line was

  CONFIG_FILES    = 
  CONFIG_HEADERS  = 
  CONFIG_LINKS    = 
  CONFIG_COMMANDS = 
  $ ./config.status 

on chrikle-nemaq

config.status:899: creating Makefile
config.status:899: creating src/Makefile
config.status:899: creating po/Makefile.in
config.status:899: creating config.h
config.status:1134: config.h is unchanged
config.status:1181: executing depfiles commands
config.status:1181: executing default-1 commands
config.status:1181: executing libtool commands
config.status:1181: executing po/stamp-it commands

## ---------------- ##
## Cache variables. ##
## ---------------- ##

ac_cv_build=i686-pc-linux-gnu
ac_cv_c_compiler_gnu=yes
ac_cv_env_CC_set=
ac_cv_env_CC_value=
ac_cv_env_CFLAGS_set=
ac_cv_env_CFLAGS_value=
ac_cv_env_CPPFLAGS_set=
ac_cv_env_CPPFLAGS_value=
ac_cv_env_CPP_set=
ac_cv_env_CPP_value=
ac_cv_env_LAEX_CFLAGS_set=
ac_cv_env_LAEX_CFLAGS_value=
ac_cv_env_LAEX_LIBS_set=
ac_cv_env_LAEX_LIBS_value=
ac_cv_env_LDFLAGS_set=
ac_cv_env_LDFLAGS_value=
ac_cv_env_LIBS_set=
ac_cv_env_LIBS_value=
ac_cv_env_PKG_CONFIG_set=
ac_cv_env_PKG_CONFIG_value=
ac_cv_env_build_alias_set=
ac_cv_env_build_alias_value=
ac_cv_env_host_alias_set=
ac_cv_env_host_alias_value=
ac_cv_env_target_alias_set=
ac_cv_env_target_alias_value=
ac_cv_func_bind_textdomain_codeset=yes
ac_cv_func_dcgettext=yes
ac_cv_header_dlfcn_h=yes
ac_cv_header_inttypes_h=yes
ac_cv_header_libintl_h=yes
ac_cv_header_locale_h=yes
ac_cv_header_memory_h=yes
ac_cv_header_stdc=yes
ac_cv_header_stdint_h=yes
ac_cv_header_stdlib_h=yes
ac_cv_header_string_h=yes
ac_cv_header_strings_h=yes
ac_cv_header_sys_stat_h=yes
ac_cv_header_sys_types_h=yes
ac_cv_header_unistd_h=yes
ac_cv_host=i686-pc-linux-gnu
ac_cv_objext=o
ac_cv_path_EGREP='/bin/grep -E'
ac_cv_path_FGREP='/bin/grep -F'
ac_cv_path_GMSGFMT=/usr/bin/msgfmt
ac_cv_path_GREP=/bin/grep
ac_cv_path_INTLTOOL_EXTRACT=/usr/bin/intltool-extract
ac_cv_path_INTLTOOL_MERGE=/usr/bin/intltool-merge
ac_cv_path_INTLTOOL_PERL=/usr/bin/perl
ac_cv_path_INTLTOOL_UPDATE=/usr/bin/intltool-update
ac_cv_path_MSGFMT=/usr/bin/msgfmt
ac_cv_path_MSGMERGE=/usr/bin/msgmerge
ac_cv_path_SED=/bin/sed
ac_cv_path_XGETTEXT=/usr/bin/xgettext
ac_cv_path_ac_pt_PKG_CONFIG=/usr/bin/pkg-config
ac_cv_path_install='/usr/bin/install -c'
ac_cv_path_mkdir=/bin/mkdir
ac_cv_prog_AWK=gawk
ac_cv_prog_CPP='gcc -E'
ac_cv_prog_ac_ct_AR=ar
ac_cv_prog_ac_ct_CC=gcc
ac_cv_prog_ac_ct_RANLIB=ranlib
ac_cv_prog_ac_ct_STRIP=strip
ac_cv_prog_cc_c89=
ac_cv_prog_cc_g=yes
ac_cv_prog_make_make_set=yes
ac_cv_search_strerror='none required'
am_cv_CC_dependencies_compiler_type=gcc3
am_cv_prog_cc_stdc=
am_cv_val_LC_MESSAGES=yes
gt_cv_func_dgettext_libc=yes
gt_cv_func_dgettext_libintl=no
gt_cv_func_ngettext_libc=yes
gt_cv_have_gettext=yes
lt_cv_deplibs_check_method=pass_all
lt_cv_file_magic_cmd='$MAGIC_CMD'
lt_cv_file_magic_test_file=
lt_cv_ld_reload_flag=-r
lt_cv_nm_interface='BSD nm'
lt_cv_objdir=.libs
lt_cv_path_LD=/usr/bin/ld
lt_cv_path_NM='/usr/bin/nm -B'
lt_cv_prog_compiler_c_o=yes
lt_cv_prog_compiler_pic_works=yes
lt_cv_prog_compiler_rtti_exceptions=no
lt_cv_prog_compiler_static_works=yes
lt_cv_prog_gnu_ld=yes
lt_cv_sys_global_symbol_pipe='sed -n -e '\''s/^.*[	 ]\([ABCDGIRSTW][ABCDGIRSTW]*\)[	 ][	 ]*\([_A-Za-z][_A-Za-z0-9]*\)$/\1 \2 \2/p'\'''
lt_cv_sys_global_symbol_to_c_name_address='sed -n -e '\''s/^: \([^ ]*\) $/  {\"\1\", (void *) 0},/p'\'' -e '\''s/^[ABCDGIRSTW]* \([^ ]*\) \([^ ]*\)$/  {"\2", (void *) \&\2},/p'\'''
lt_cv_sys_global_symbol_to_c_name_address_lib_prefix='sed -n -e '\''s/^: \([^ ]*\) $/  {\"\1\", (void *) 0},/p'\'' -e '\''s/^[ABCDGIRSTW]* \([^ ]*\) \(lib[^ ]*\)$/  {"\2", (void *) \&\2},/p'\'' -e '\''s/^[ABCDGIRSTW]* \([^ ]*\) \([^ ]*\)$/  {"lib\2", (void *) \&\2},/p'\'''
lt_cv_sys_global_symbol_to_cdecl='sed -n -e '\''s/^T .* \(.*\)$/extern int \1();/p'\'' -e '\''s/^[ABCDGIRSTW]* .* \(.*\)$/extern char \1;/p'\'''
lt_cv_sys_max_cmd_len=1572864
pkg_cv_LAEX_CFLAGS='-I/usr/include/gtk-2.0 -I/usr/lib/gtk-2.0/include -I/usr/include/atk-1.0 -I/usr/include/cairo -I/usr/include/pango-1.0 -I/usr/include/glib-2.0 -I/usr/lib/glib-2.0/include -I/usr/include/pixman-1 -I/usr/include/freetype2 -I/usr/include/libpng12  '
pkg_cv_LAEX_LIBS='-lgtk-x11-2.0 -lgdk-x11-2.0 -latk-1.0 -lpangoft2-1.0 -lgdk_pixbuf-2.0 -lm -lpangocairo-1.0 -lgio-2.0 -lpango-1.0 -lfreetype -lz -lfontconfig -lgobject-2.0 -lgmodule-2.0 -lglib-2.0 -lcairo  '

## ----------------- ##
## Output variables. ##
## ----------------- ##

ACLOCAL='${SHELL} /home/chrikle/projects/entwicklung/laex/trunk/missing --run aclocal-1.10'
ALL_LINGUAS=''
AMDEPBACKSLASH='\'
AMDEP_FALSE='#'
AMDEP_TRUE=''
AMTAR='${SHELL} /home/chrikle/projects/entwicklung/laex/trunk/missing --run tar'
AR='ar'
AUTOCONF='${SHELL} /home/chrikle/projects/entwicklung/laex/trunk/missing --run autoconf'
AUTOHEADER='${SHELL} /home/chrikle/projects/entwicklung/laex/trunk/missing --run autoheader'
AUTOMAKE='${SHELL} /home/chrikle/projects/entwicklung/laex/trunk/missing --run automake-1.10'
AWK='gawk'
CATALOGS=''
CATOBJEXT='.gmo'
CC='gcc'
CCDEPMODE='depmode=gcc3'
CFLAGS='-g -O2'
CPP='gcc -E'
CPPFLAGS=''
CYGPATH_W='echo'
DATADIRNAME='share'
DEFS='-DHAVE_CONFIG_H'
DEPDIR='.deps'
DSYMUTIL=''
DUMPBIN=''
ECHO_C=''
ECHO_N='-n'
ECHO_T=''
EGREP='/bin/grep -E'
EXEEXT=''
FGREP='/bin/grep -F'
GETTEXT_PACKAGE='laex'
GMOFILES=''
GMSGFMT='/usr/bin/msgfmt'
GREP='/bin/grep'
INSTALL_DATA='${INSTALL} -m 644'
INSTALL_PROGRAM='${INSTALL}'
INSTALL_SCRIPT='${INSTALL}'
INSTALL_STRIP_PROGRAM='$(install_sh) -c -s'
INSTOBJEXT='.mo'
INTLLIBS=''
INTLTOOL_CAVES_RULE='%.caves:     %.caves.in     $(INTLTOOL_MERGE) $(wildcard $(top_srcdir)/po/*.po) ; LC_ALL=C $(INTLTOOL_MERGE) -d -u -c $(top_builddir)/po/.intltool-merge-cache $(top_srcdir)/po $< $@'
INTLTOOL_DESKTOP_RULE='%.desktop:   %.desktop.in   $(INTLTOOL_MERGE) $(wildcard $(top_srcdir)/po/*.po) ; LC_ALL=C $(INTLTOOL_MERGE) -d -u -c $(top_builddir)/po/.intltool-merge-cache $(top_srcdir)/po $< $@'
INTLTOOL_DIRECTORY_RULE='%.directory: %.directory.in $(INTLTOOL_MERGE) $(wildcard $(top_srcdir)/po/*.po) ; LC_ALL=C $(INTLTOOL_MERGE) -d -u -c $(top_builddir)/po/.intltool-merge-cache $(top_srcdir)/po $< $@'
INTLTOOL_EXTRACT='/usr/bin/intltool-extract'
INTLTOOL_KBD_RULE='%.kbd:       %.kbd.in       $(INTLTOOL_MERGE) $(wildcard $(top_srcdir)/po/*.po) ; LC_ALL=C $(INTLTOOL_MERGE) -x -u -m -c $(top_builddir)/po/.intltool-merge-cache $(top_srcdir)/po $< $@'
INTLTOOL_KEYS_RULE='%.keys:      %.keys.in      $(INTLTOOL_MERGE) $(wildcard $(top_srcdir)/po/*.po) ; LC_ALL=C $(INTLTOOL_MERGE) -k -u -c $(top_builddir)/po/.intltool-merge-cache $(top_srcdir)/po $< $@'
INTLTOOL_MERGE='/usr/bin/intltool-merge'
INTLTOOL_OAF_RULE='%.oaf:       %.oaf.in       $(INTLTOOL_MERGE) $(wildcard $(top_srcdir)/po/*.po) ; LC_ALL=C $(INTLTOOL_MERGE) -o -p $(top_srcdir)/po $< $@'
INTLTOOL_PERL='/usr/bin/perl'
INTLTOOL_POLICY_RULE='%.policy:    %.policy.in    $(INTLTOOL_MERGE) $(wildcard $(top_srcdir)/po/*.po) ; LC_ALL=C $(INTLTOOL_MERGE) -x -u -c $(top_builddir)/po/.intltool-merge-cache $(top_srcdir)/po $< $@'
INTLTOOL_PONG_RULE='%.pong:      %.pong.in      $(INTLTOOL_MERGE) $(wildcard $(top_srcdir)/po/*.po) ; LC_ALL=C $(INTLTOOL_MERGE) -x -u -c $(top_builddir)/po/.intltool-merge-cache $(top_srcdir)/po $< $@'
INTLTOOL_PROP_RULE='%.prop:      %.prop.in      $(INTLTOOL_MERGE) $(wildcard $(top_srcdir)/po/*.po) ; LC_ALL=C $(INTLTOOL_MERGE) -d -u -c $(top_builddir)/po/.intltool-merge-cache $(top_srcdir)/po $< $@'
INTLTOOL_SCHEMAS_RULE='%.schemas:   %.schemas.in   $(INTLTOOL_MERGE) $(wildcard $(top_srcdir)/po/*.po) ; LC_ALL=C $(INTLTOOL_MERGE) -s -u -c $(top_builddir)/po/.intltool-merge-cache $(top_srcdir)/po $< $@'
INTLTOOL_SERVER_RULE='%.server:    %.server.in    $(INTLTOOL_MERGE) $(wildcard $(top_srcdir)/po/*.po) ; LC_ALL=C $(INTLTOOL_MERGE) -o -u -c $(top_builddir)/po/.intltool-merge-cache $(top_srcdir)/po $< $@'
INTLTOOL_SERVICE_RULE='%.service: %.service.in   $(INTLTOOL_MERGE) $(wildcard $(top_srcdir)/po/*.po) ; LC_ALL=C $(INTLTOOL_MERGE) -d -u -c $(top_builddir)/po/.intltool-merge-cache $(top_srcdir)/po $< $@'
INTLTOOL_SHEET_RULE='%.sheet:     %.sheet.in     $(INTLTOOL_MERGE) $(wildcard $(top_srcdir)/po/*.po) ; LC_ALL=C $(INTLTOOL_MERGE) -x -u -c $(top_builddir)/po/.intltool-merge-cache $(top_srcdir)/po $< $@'
INTLTOOL_SOUNDLIST_RULE='%.soundlist: %.soundlist.in $(INTLTOOL_MERGE) $(wildcard $(top_srcdir)/po/*.po) ; LC_ALL=C $(INTLTOOL_MERGE) -d -u -c $(top_builddir)/po/.intltool-merge-cache $(top_srcdir)/po $< $@'
INTLTOOL_THEME_RULE='%.theme:     %.theme.in     $(INTLTOOL_MERGE) $(wildcard $(top_srcdir)/po/*.po) ; LC_ALL=C $(INTLTOOL_MERGE) -d -u -c $(top_builddir)/po/.intltool-merge-cache $(top_srcdir)/po $< $@'
INTLTOOL_UI_RULE='%.ui:        %.ui.in        $(INTLTOOL_MERGE) $(wildcard $(top_srcdir)/po/*.po) ; LC_ALL=C $(INTLTOOL_MERGE) -x -u -c $(top_builddir)/po/.intltool-merge-cache $(top_srcdir)/po $< $@'
INTLTOOL_UPDATE='/usr/bin/intltool-update'
INTLTOOL_XAM_RULE='%.xam:       %.xml.in       $(INTLTOOL_MERGE) $(wildcard $(top_srcdir)/po/*.po) ; LC_ALL=C $(INTLTOOL_MERGE) -x -u -c $(top_builddir)/po/.intltool-merge-cache $(top_srcdir)/po $< $@'
INTLTOOL_XML_NOMERGE_RULE='%.xml:       %.xml.in       $(INTLTOOL_MERGE) ; LC_ALL=C $(INTLTOOL_MERGE) -x -u /tmp $< $@'
INTLTOOL_XML_RULE='%.xml:       %.xml.in       $(INTLTOOL_MERGE) $(wildcard $(top_srcdir)/po/*.po) ; LC_ALL=C $(INTLTOOL_MERGE) -x -u -c $(top_builddir)/po/.intltool-merge-cache $(top_srcdir)/po $< $@'
LAEX_CFLAGS='-I/usr/include/gtk-2.0 -I/usr/lib/gtk-2.0/include -I/usr/include/atk-1.0 -I/usr/include/cairo -I/usr/include/pango-1.0 -I/usr/include/glib-2.0 -I/usr/lib/glib-2.0/include -I/usr/include/pixman-1 -I/usr/include/freetype2 -I/usr/include/libpng12  '
LAEX_LIBS='-lgtk-x11-2.0 -lgdk-x11-2.0 -latk-1.0 -lpangoft2-1.0 -lgdk_pixbuf-2.0 -lm -lpangocairo-1.0 -lgio-2.0 -lpango-1.0 -lfreetype -lz -lfontconfig -lgobject-2.0 -lgmodule-2.0 -lglib-2.0 -lcairo  '
LD='/usr/bin/ld'
LDFLAGS=''
LIBOBJS=''
LIBS=''
LIBTOOL='$(SHELL) $(top_builddir)/libtool'
LIPO=''
LN_S='ln -s'
LTLIBOBJS=''
MAINT=''
MAINTAINER_MODE_FALSE='#'
MAINTAINER_MODE_TRUE=''
MAKEINFO='${SHELL} /home/chrikle/projects/entwicklung/laex/trunk/missing --run makeinfo'
MKINSTALLDIRS='./mkinstalldirs'
MSGFMT='/usr/bin/msgfmt'
MSGFMT_OPTS='-c'
MSGMERGE='/usr/bin/msgmerge'
NM='/usr/bin/nm -B'
NMEDIT=''
OBJEXT='o'
OTOOL64=''
OTOOL=''
PACKAGE='laex'
PACKAGE_BUGREPORT=''
PACKAGE_NAME='laex'
PACKAGE_STRING='laex 0.8.1'
PACKAGE_TARNAME='laex'
PACKAGE_VERSION='0.8.1'
PATH_SEPARATOR=':'
PKG_CONFIG='/usr/bin/pkg-config'
POFILES=''
POSUB='po'
PO_IN_DATADIR_FALSE=''
PO_IN_DATADIR_TRUE=''
RANLIB='ranlib'
SED='/bin/sed'
SET_MAKE=''
SHELL='/bin/bash'
STRIP='strip'
USE_NLS='yes'
VERSION='0.8.1'
XGETTEXT='/usr/bin/xgettext'
ac_ct_CC='gcc'
ac_ct_DUMPBIN=''
am__fastdepCC_FALSE='#'
am__fastdepCC_TRUE=''
am__include='include'
am__isrc=''
am__leading_dot='.'
am__quote=''
am__tar='${AMTAR} chof - "$$tardir"'
am__untar='${AMTAR} xf -'
bindir='${exec_prefix}/bin'
build='i686-pc-linux-gnu'
build_alias=''
build_cpu='i686'
build_os='linux-gnu'
build_vendor='pc'
datadir='${datarootdir}'
datarootdir='${prefix}/share'
docdir='${datarootdir}/doc/${PACKAGE_TARNAME}'
dvidir='${docdir}'
exec_prefix='${prefix}'
host='i686-pc-linux-gnu'
host_alias=''
host_cpu='i686'
host_os='linux-gnu'
host_vendor='pc'
htmldir='${docdir}'
includedir='${prefix}/include'
infodir='${datarootdir}/info'
install_sh='$(SHELL) /home/chrikle/projects/entwicklung/laex/trunk/install-sh'
libdir='${exec_prefix}/lib'
libexecdir='${exec_prefix}/libexec'
localedir='${datarootdir}/locale'
localstatedir='${prefix}/var'
lt_ECHO='echo'
mandir='${datarootdir}/man'
mkdir_p='/bin/mkdir -p'
oldincludedir='/usr/include'
pdfdir='${docdir}'
prefix='/usr/local'
program_transform_name='s,x,x,'
psdir='${docdir}'
sbindir='${exec_prefix}/sbin'
sharedstatedir='${prefix}/com'
sysconfdir='${prefix}/etc'
target_alias=''

## ----------- ##
## confdefs.h. ##
## ----------- ##

#define PACKAGE_NAME "laex"
#define PACKAGE_TARNAME "laex"
#define PACKAGE_VERSION "0.8.1"
#define PACKAGE_STRING "laex 0.8.1"
#define PACKAGE_BUGREPORT ""
#define PACKAGE "laex"
#define VERSION "0.8.1"
#define STDC_HEADERS 1
#define GETTEXT_PACKAGE "laex"
#define HAVE_SYS_TYPES_H 1
#define HAVE_SYS_STAT_H 1
#define HAVE_STDLIB_H 1
#define HAVE_STRING_H 1
#define HAVE_MEMORY_H 1
#define HAVE_STRINGS_H 1
#define HAVE_INTTYPES_H 1
#define HAVE_STDINT_H 1
#define HAVE_UNISTD_H 1
#define HAVE_LOCALE_H 1
#define HAVE_LC_MESSAGES 1
#define HAVE_BIND_TEXTDOMAIN_CODESET 1
#define HAVE_GETTEXT 1
#define HAVE_DCGETTEXT 1
#define ENABLE_NLS 1
#define HAVE_DLFCN_H 1
#define LT_OBJDIR ".libs/"

configure: exit 0
